<?xml version="1.0" encoding="UTF-8"?>
<!-- Generated by org.testng.reporters.JUnitReportReporter -->
<testsuite hostname="Angel-Maria" failures="0" tests="1" name="PruebaTestng.prueba" time="0.021" errors="0" timestamp="2022-09-16T18:56:27 CLST" skipped="0">
  <testcase classname="PruebaTestng.prueba" name="gmail" time="0.021"/>
  <system-out/>
</testsuite> <!-- PruebaTestng.prueba -->
