<?xml version="1.0" encoding="UTF-8"?>
<!-- Generated by org.testng.reporters.JUnitReportReporter -->
<testsuite hostname="Angel-Maria" failures="0" tests="2" name="PruebaTestng.NewTest" time="0.032" errors="0" timestamp="2022-09-16T18:41:42 CLST" skipped="0">
  <testcase classname="PruebaTestng.NewTest" name="f" time="0.028"/>
  <system-out/>
  <testcase classname="PruebaTestng.NewTest" name="f" time="0.004"/>
  <system-out/>
</testsuite> <!-- PruebaTestng.NewTest -->
