<?xml version="1.0" encoding="UTF-8"?>
<!-- Generated by org.testng.reporters.JUnitReportReporter -->
<testsuite hostname="Angel-Maria" failures="0" tests="1" name="PruebaTestng.PruebaPractica" time="6.584" errors="1" timestamp="2022-10-05T12:38:38 CLST" skipped="0">
  <testcase classname="PruebaTestng.PruebaPractica" name="prueba" time="6.584">
    <error message="no such window: target window already closed
from unknown error: web view not found
  (Session info: chrome=106.0.5249.91)
Build info: version: &#039;4.1.4&#039;, revision: &#039;535d840ee2&#039;
System info: host: &#039;ANGEL-MARIA&#039;, ip: &#039;192.168.56.1&#039;, os.name: &#039;Windows 11&#039;, os.arch: &#039;amd64&#039;, os.version: &#039;10.0&#039;, java.version: &#039;18.0.1.1&#039;
Driver info: org.openqa.selenium.chrome.ChromeDriver
Command: [2b4c276d276a1a311bc47993021be75a, getTitle {}]
Capabilities {acceptInsecureCerts: false, browserName: chrome, browserVersion: 106.0.5249.91, chrome: {chromedriverVersion: 106.0.5249.61 (511755355844..., userDataDir: C:\Users\angel\AppData\Loca...}, goog:chromeOptions: {debuggerAddress: localhost:49210}, javascriptEnabled: true, networkConnectionEnabled: false, pageLoadStrategy: normal, platform: WINDOWS, platformName: WINDOWS, proxy: Proxy(), se:cdp: ws://localhost:49210/devtoo..., se:cdpVersion: 106.0.5249.91, setWindowRect: true, strictFileInteractability: false, timeouts: {implicit: 0, pageLoad: 300000, script: 30000}, unhandledPromptBehavior: dismiss and notify, webauthn:extension:credBlob: true, webauthn:extension:largeBlob: true, webauthn:virtualAuthenticators: true}
Session ID: 2b4c276d276a1a311bc47993021be75a" type="org.openqa.selenium.NoSuchWindowException">
      <![CDATA[org.openqa.selenium.NoSuchWindowException: no such window: target window already closed
from unknown error: web view not found
  (Session info: chrome=106.0.5249.91)
Build info: version: '4.1.4', revision: '535d840ee2'
System info: host: 'ANGEL-MARIA', ip: '192.168.56.1', os.name: 'Windows 11', os.arch: 'amd64', os.version: '10.0', java.version: '18.0.1.1'
Driver info: org.openqa.selenium.chrome.ChromeDriver
Command: [2b4c276d276a1a311bc47993021be75a, getTitle {}]
Capabilities {acceptInsecureCerts: false, browserName: chrome, browserVersion: 106.0.5249.91, chrome: {chromedriverVersion: 106.0.5249.61 (511755355844..., userDataDir: C:\Users\angel\AppData\Loca...}, goog:chromeOptions: {debuggerAddress: localhost:49210}, javascriptEnabled: true, networkConnectionEnabled: false, pageLoadStrategy: normal, platform: WINDOWS, platformName: WINDOWS, proxy: Proxy(), se:cdp: ws://localhost:49210/devtoo..., se:cdpVersion: 106.0.5249.91, setWindowRect: true, strictFileInteractability: false, timeouts: {implicit: 0, pageLoad: 300000, script: 30000}, unhandledPromptBehavior: dismiss and notify, webauthn:extension:credBlob: true, webauthn:extension:largeBlob: true, webauthn:virtualAuthenticators: true}
Session ID: 2b4c276d276a1a311bc47993021be75a
at java.base/jdk.internal.reflect.DirectConstructorHandleAccessor.newInstance(DirectConstructorHandleAccessor.java:67)
at java.base/java.lang.reflect.Constructor.newInstanceWithCaller(Constructor.java:499)
at java.base/java.lang.reflect.Constructor.newInstance(Constructor.java:483)
at org.openqa.selenium.remote.codec.w3c.W3CHttpResponseCodec.createException(W3CHttpResponseCodec.java:200)
at org.openqa.selenium.remote.codec.w3c.W3CHttpResponseCodec.decode(W3CHttpResponseCodec.java:133)
at org.openqa.selenium.remote.codec.w3c.W3CHttpResponseCodec.decode(W3CHttpResponseCodec.java:53)
at org.openqa.selenium.remote.HttpCommandExecutor.execute(HttpCommandExecutor.java:184)
at org.openqa.selenium.remote.service.DriverCommandExecutor.invokeExecute(DriverCommandExecutor.java:167)
at org.openqa.selenium.remote.service.DriverCommandExecutor.execute(DriverCommandExecutor.java:142)
at org.openqa.selenium.remote.RemoteWebDriver.execute(RemoteWebDriver.java:567)
at org.openqa.selenium.remote.RemoteWebDriver.execute(RemoteWebDriver.java:622)
at org.openqa.selenium.remote.RemoteWebDriver.execute(RemoteWebDriver.java:626)
at org.openqa.selenium.remote.RemoteWebDriver.getTitle(RemoteWebDriver.java:335)
at PruebaTestng.PruebaPractica.prueba(PruebaPractica.java:20)
at java.base/jdk.internal.reflect.DirectMethodHandleAccessor.invoke(DirectMethodHandleAccessor.java:104)
at java.base/java.lang.reflect.Method.invoke(Method.java:577)
at org.testng.internal.invokers.MethodInvocationHelper.invokeMethod(MethodInvocationHelper.java:139)
at org.testng.internal.invokers.TestInvoker.invokeMethod(TestInvoker.java:677)
at org.testng.internal.invokers.TestInvoker.invokeTestMethod(TestInvoker.java:221)
at org.testng.internal.invokers.MethodRunner.runInSequence(MethodRunner.java:50)
at org.testng.internal.invokers.TestInvoker$MethodInvocationAgent.invoke(TestInvoker.java:962)
at org.testng.internal.invokers.TestInvoker.invokeTestMethods(TestInvoker.java:194)
at org.testng.internal.invokers.TestMethodWorker.invokeTestMethods(TestMethodWorker.java:148)
at org.testng.internal.invokers.TestMethodWorker.run(TestMethodWorker.java:128)
at java.base/java.util.ArrayList.forEach(ArrayList.java:1511)
at org.testng.TestRunner.privateRun(TestRunner.java:806)
at org.testng.TestRunner.run(TestRunner.java:601)
at org.testng.SuiteRunner.runTest(SuiteRunner.java:433)
at org.testng.SuiteRunner.runSequentially(SuiteRunner.java:427)
at org.testng.SuiteRunner.privateRun(SuiteRunner.java:387)
at org.testng.SuiteRunner.run(SuiteRunner.java:330)
at org.testng.SuiteRunnerWorker.runSuite(SuiteRunnerWorker.java:52)
at org.testng.SuiteRunnerWorker.run(SuiteRunnerWorker.java:95)
at org.testng.TestNG.runSuitesSequentially(TestNG.java:1256)
at org.testng.TestNG.runSuitesLocally(TestNG.java:1176)
at org.testng.TestNG.runSuites(TestNG.java:1099)
at org.testng.TestNG.run(TestNG.java:1067)
at org.testng.remote.AbstractRemoteTestNG.run(AbstractRemoteTestNG.java:115)
at org.testng.remote.RemoteTestNG.initAndRun(RemoteTestNG.java:251)
at org.testng.remote.RemoteTestNG.main(RemoteTestNG.java:77)
]]>
    </error>
  </testcase> <!-- prueba -->
  <system-out/>
</testsuite> <!-- PruebaTestng.PruebaPractica -->
