<?xml version="1.0" encoding="UTF-8"?>
<!-- Generated by org.testng.reporters.JUnitReportReporter -->
<testsuite hostname="Angel-Maria" failures="0" tests="2" name="PrubeaSoftwareToturia.PruebaTestng" time="0.017" errors="0" timestamp="2022-09-16T17:38:12 CLST" skipped="0">
  <testcase classname="PrubeaSoftwareToturia.PruebaTestng" name="prueba2" time="0.015"/>
  <system-out/>
  <testcase classname="PrubeaSoftwareToturia.PruebaTestng" name="prueba" time="0.002"/>
  <system-out/>
</testsuite> <!-- PrubeaSoftwareToturia.PruebaTestng -->
